<?xml version="1.0" encoding="UTF-8"?>
<coverage generated="1630044182">
  <project timestamp="1630044182">
    <file name="/var/www/app/Containers/Authentication/Tests/Feature/JWTAuthTest.php">
      <class name="App\Containers\Authentication\Tests\Feature\JWTAuthTest" namespace="global">
        <metrics complexity="1" methods="1" coveredmethods="1" conditionals="0" coveredconditionals="0" statements="27" coveredstatements="27" elements="28" coveredelements="28"/>
      </class>
      <line num="13" type="method" name="test_user_can_work_like_authenticated_with_jwt_auth" visibility="public" complexity="1" crap="1" count="1"/>
      <line num="15" type="stmt" count="1"/>
      <line num="16" type="stmt" count="1"/>
      <line num="20" type="stmt" count="1"/>
      <line num="21" type="stmt" count="1"/>
      <line num="24" type="stmt" count="1"/>
      <line num="27" type="stmt" count="1"/>
      <line num="28" type="stmt" count="1"/>
      <line num="29" type="stmt" count="1"/>
      <line num="31" type="stmt" count="1"/>
      <line num="34" type="stmt" count="1"/>
      <line num="35" type="stmt" count="1"/>
      <line num="36" type="stmt" count="1"/>
      <line num="37" type="stmt" count="1"/>
      <line num="39" type="stmt" count="1"/>
      <line num="42" type="stmt" count="1"/>
      <line num="45" type="stmt" count="1"/>
      <line num="46" type="stmt" count="1"/>
      <line num="47" type="stmt" count="1"/>
      <line num="50" type="stmt" count="1"/>
      <line num="51" type="stmt" count="1"/>
      <line num="52" type="stmt" count="1"/>
      <line num="53" type="stmt" count="1"/>
      <line num="54" type="stmt" count="1"/>
      <line num="61" type="stmt" count="1"/>
      <line num="62" type="stmt" count="1"/>
      <line num="63" type="stmt" count="1"/>
      <line num="64" type="stmt" count="1"/>
      <metrics loc="65" ncloc="59" classes="1" methods="1" coveredmethods="1" conditionals="0" coveredconditionals="0" statements="27" coveredstatements="27" elements="28" coveredelements="28"/>
    </file>
    <file name="/var/www/app/Containers/Authentication/Tests/Unit/AuthTest.php">
      <class name="App\Containers\Authentication\Tests\Unit\AuthTest" namespace="global">
        <metrics complexity="7" methods="7" coveredmethods="7" conditionals="0" coveredconditionals="0" statements="44" coveredstatements="44" elements="51" coveredelements="51"/>
      </class>
      <line num="14" type="method" name="test_user_can_login" visibility="public" complexity="1" crap="1" count="1"/>
      <line num="16" type="stmt" count="1"/>
      <line num="18" type="stmt" count="1"/>
      <line num="20" type="stmt" count="1"/>
      <line num="21" type="stmt" count="1"/>
      <line num="22" type="stmt" count="1"/>
      <line num="23" type="stmt" count="1"/>
      <line num="25" type="method" name="test_validation_rules_for_login" visibility="public" complexity="1" crap="1" count="1"/>
      <line num="27" type="stmt" count="1"/>
      <line num="31" type="stmt" count="1"/>
      <line num="51" type="stmt" count="1"/>
      <line num="56" type="stmt" count="1"/>
      <line num="66" type="stmt" count="1"/>
      <line num="72" type="stmt" count="1"/>
      <line num="73" type="stmt" count="1"/>
      <line num="74" type="stmt" count="1"/>
      <line num="77" type="stmt" count="1"/>
      <line num="78" type="stmt" count="1"/>
      <line num="80" type="method" name="test_user_can_login_with_testing_code" visibility="public" complexity="1" crap="1" count="1"/>
      <line num="82" type="stmt" count="1"/>
      <line num="84" type="stmt" count="1"/>
      <line num="86" type="stmt" count="1"/>
      <line num="88" type="stmt" count="1"/>
      <line num="89" type="stmt" count="1"/>
      <line num="90" type="stmt" count="1"/>
      <line num="91" type="stmt" count="1"/>
      <line num="93" type="method" name="test_user_send_wrong_code_for_login" visibility="public" complexity="1" crap="1" count="1"/>
      <line num="95" type="stmt" count="1"/>
      <line num="97" type="stmt" count="1"/>
      <line num="98" type="stmt" count="1"/>
      <line num="99" type="stmt" count="1"/>
      <line num="100" type="stmt" count="1"/>
      <line num="103" type="stmt" count="1"/>
      <line num="105" type="method" name="test_user_can_logout" visibility="public" complexity="1" crap="1" count="1"/>
      <line num="107" type="stmt" count="1"/>
      <line num="108" type="stmt" count="1"/>
      <line num="109" type="stmt" count="1"/>
      <line num="110" type="stmt" count="1"/>
      <line num="111" type="stmt" count="1"/>
      <line num="116" type="stmt" count="1"/>
      <line num="118" type="method" name="test_user_can_refresh_token" visibility="public" complexity="1" crap="1" count="1"/>
      <line num="120" type="stmt" count="1"/>
      <line num="121" type="stmt" count="1"/>
      <line num="122" type="stmt" count="1"/>
      <line num="123" type="stmt" count="1"/>
      <line num="124" type="stmt" count="1"/>
      <line num="126" type="method" name="createUserAndBuildRequest" visibility="private" complexity="1" crap="1" count="3"/>
      <line num="128" type="stmt" count="3"/>
      <line num="129" type="stmt" count="3"/>
      <line num="133" type="stmt" count="3"/>
      <line num="134" type="stmt" count="3"/>
      <metrics loc="137" ncloc="137" classes="1" methods="7" coveredmethods="7" conditionals="0" coveredconditionals="0" statements="44" coveredstatements="44" elements="51" coveredelements="51"/>
    </file>
    <file name="/var/www/app/Containers/Authentication/Tests/Unit/RegisterTest.php">
      <class name="App\Containers\Authentication\Tests\Unit\RegisterTest" namespace="global">
        <metrics complexity="3" methods="3" coveredmethods="3" conditionals="0" coveredconditionals="0" statements="25" coveredstatements="25" elements="28" coveredelements="28"/>
      </class>
      <line num="14" type="method" name="test_user_can_register" visibility="public" complexity="1" crap="1" count="1"/>
      <line num="17" type="stmt" count="1"/>
      <line num="20" type="stmt" count="1"/>
      <line num="22" type="stmt" count="1"/>
      <line num="23" type="stmt" count="1"/>
      <line num="24" type="stmt" count="1"/>
      <line num="25" type="stmt" count="1"/>
      <line num="30" type="stmt" count="1"/>
      <line num="32" type="stmt" count="1"/>
      <line num="35" type="stmt" count="1"/>
      <line num="36" type="stmt" count="1"/>
      <line num="38" type="method" name="test_validation_rules_for_register" visibility="public" complexity="1" crap="1" count="1"/>
      <line num="42" type="stmt" count="1"/>
      <line num="52" type="stmt" count="1"/>
      <line num="55" type="stmt" count="1"/>
      <line num="74" type="stmt" count="1"/>
      <line num="75" type="stmt" count="1"/>
      <line num="77" type="method" name="test_user_can_login" visibility="public" complexity="1" crap="1" count="1"/>
      <line num="79" type="stmt" count="1"/>
      <line num="81" type="stmt" count="1"/>
      <line num="84" type="stmt" count="1"/>
      <line num="86" type="stmt" count="1"/>
      <line num="87" type="stmt" count="1"/>
      <line num="88" type="stmt" count="1"/>
      <line num="89" type="stmt" count="1"/>
      <line num="94" type="stmt" count="1"/>
      <line num="97" type="stmt" count="1"/>
      <line num="98" type="stmt" count="1"/>
      <metrics loc="99" ncloc="97" classes="1" methods="3" coveredmethods="3" conditionals="0" coveredconditionals="0" statements="25" coveredstatements="25" elements="28" coveredelements="28"/>
    </file>
    <file name="/var/www/app/Containers/Master/Tests/Unit/MasterTest.php">
      <class name="App\Containers\Master\Tests\Unit\MasterTest" namespace="global">
        <metrics complexity="2" methods="2" coveredmethods="2" conditionals="0" coveredconditionals="0" statements="16" coveredstatements="16" elements="18" coveredelements="18"/>
      </class>
      <line num="21" type="method" name="test_get_all_masters" visibility="public" complexity="1" crap="1" count="1"/>
      <line num="23" type="stmt" count="1"/>
      <line num="25" type="stmt" count="1"/>
      <line num="26" type="stmt" count="1"/>
      <line num="27" type="stmt" count="1"/>
      <line num="28" type="stmt" count="1"/>
      <line num="29" type="stmt" count="1"/>
      <line num="31" type="stmt" count="1"/>
      <line num="34" type="stmt" count="1"/>
      <line num="36" type="method" name="test_get_masters_by_salon" visibility="public" complexity="1" crap="1" count="1"/>
      <line num="38" type="stmt" count="1"/>
      <line num="40" type="stmt" count="1"/>
      <line num="41" type="stmt" count="1"/>
      <line num="42" type="stmt" count="1"/>
      <line num="43" type="stmt" count="1"/>
      <line num="44" type="stmt" count="1"/>
      <line num="45" type="stmt" count="1"/>
      <line num="47" type="stmt" count="1"/>
      <metrics loc="48" ncloc="48" classes="1" methods="2" coveredmethods="2" conditionals="0" coveredconditionals="0" statements="16" coveredstatements="16" elements="18" coveredelements="18"/>
    </file>
    <file name="/var/www/app/Containers/Salon/Tests/Unit/SalonTest.php">
      <class name="App\Containers\Salon\Tests\Unit\SalonTest" namespace="global">
        <metrics complexity="1" methods="1" coveredmethods="1" conditionals="0" coveredconditionals="0" statements="6" coveredstatements="6" elements="7" coveredelements="7"/>
      </class>
      <line num="9" type="method" name="test_get_all_salons" visibility="public" complexity="1" crap="1" count="1"/>
      <line num="11" type="stmt" count="1"/>
      <line num="12" type="stmt" count="1"/>
      <line num="13" type="stmt" count="1"/>
      <line num="14" type="stmt" count="1"/>
      <line num="15" type="stmt" count="1"/>
      <line num="28" type="stmt" count="1"/>
      <metrics loc="29" ncloc="29" classes="1" methods="1" coveredmethods="1" conditionals="0" coveredconditionals="0" statements="6" coveredstatements="6" elements="7" coveredelements="7"/>
    </file>
    <file name="/var/www/app/Containers/Service/Tests/Unit/ServiceTest.php">
      <class name="App\Containers\Service\Tests\Unit\ServiceTest" namespace="global">
        <metrics complexity="2" methods="2" coveredmethods="2" conditionals="0" coveredconditionals="0" statements="12" coveredstatements="12" elements="14" coveredelements="14"/>
      </class>
      <line num="10" type="method" name="test_get_all_services" visibility="public" complexity="1" crap="1" count="1"/>
      <line num="12" type="stmt" count="1"/>
      <line num="13" type="stmt" count="1"/>
      <line num="14" type="stmt" count="1"/>
      <line num="15" type="stmt" count="1"/>
      <line num="16" type="stmt" count="1"/>
      <line num="19" type="stmt" count="1"/>
      <line num="21" type="method" name="test_get_one_services" visibility="public" complexity="1" crap="1" count="1"/>
      <line num="23" type="stmt" count="1"/>
      <line num="24" type="stmt" count="1"/>
      <line num="25" type="stmt" count="1"/>
      <line num="26" type="stmt" count="1"/>
      <line num="27" type="stmt" count="1"/>
      <line num="32" type="stmt" count="1"/>
      <metrics loc="33" ncloc="33" classes="1" methods="2" coveredmethods="2" conditionals="0" coveredconditionals="0" statements="12" coveredstatements="12" elements="14" coveredelements="14"/>
    </file>
    <file name="/var/www/app/Containers/User/Tests/Unit/UserTest.php">
      <class name="App\Containers\User\Tests\Unit\UserTest" namespace="global">
        <metrics complexity="3" methods="3" coveredmethods="3" conditionals="0" coveredconditionals="0" statements="31" coveredstatements="31" elements="34" coveredelements="34"/>
      </class>
      <line num="14" type="method" name="test_user_update" visibility="public" complexity="1" crap="1" count="1"/>
      <line num="17" type="stmt" count="1"/>
      <line num="18" type="stmt" count="1"/>
      <line num="19" type="stmt" count="1"/>
      <line num="20" type="stmt" count="1"/>
      <line num="24" type="stmt" count="1"/>
      <line num="25" type="stmt" count="1"/>
      <line num="26" type="stmt" count="1"/>
      <line num="28" type="stmt" count="1"/>
      <line num="29" type="stmt" count="1"/>
      <line num="30" type="stmt" count="1"/>
      <line num="31" type="stmt" count="1"/>
      <line num="35" type="stmt" count="1"/>
      <line num="36" type="stmt" count="1"/>
      <line num="38" type="stmt" count="1"/>
      <line num="39" type="stmt" count="1"/>
      <line num="40" type="stmt" count="1"/>
      <line num="44" type="stmt" count="1"/>
      <line num="46" type="method" name="test_validation_rules_for_update" visibility="public" complexity="1" crap="1" count="1"/>
      <line num="50" type="stmt" count="1"/>
      <line num="55" type="stmt" count="1"/>
      <line num="65" type="stmt" count="1"/>
      <line num="70" type="stmt" count="1"/>
      <line num="75" type="stmt" count="1"/>
      <line num="85" type="stmt" count="1"/>
      <line num="91" type="stmt" count="1"/>
      <line num="92" type="stmt" count="1"/>
      <line num="94" type="method" name="test_get_user_info" visibility="public" complexity="1" crap="1" count="1"/>
      <line num="96" type="stmt" count="1"/>
      <line num="97" type="stmt" count="1"/>
      <line num="98" type="stmt" count="1"/>
      <line num="99" type="stmt" count="1"/>
      <line num="101" type="stmt" count="1"/>
      <line num="106" type="stmt" count="1"/>
      <metrics loc="107" ncloc="106" classes="1" methods="3" coveredmethods="3" conditionals="0" coveredconditionals="0" statements="31" coveredstatements="31" elements="34" coveredelements="34"/>
    </file>
    <metrics files="7" loc="518" ncloc="509" classes="7" methods="19" coveredmethods="19" conditionals="0" coveredconditionals="0" statements="161" coveredstatements="161" elements="180" coveredelements="180"/>
  </project>
</coverage>
